This file contains any messages produced by compilers while
running configure, to aid debugging if configure makes a mistake.

It was created by configure, which was
generated by GNU Autoconf 2.68.  Invocation command line was

  $ ..//configure --enable-static=yes --enable-shared=no

## --------- ##
## Platform. ##
## --------- ##

hostname = docken.mtv.corp.google.com
uname -m = x86_64
uname -r = 3.2.5-gg1130
uname -s = Linux
uname -v = #1 SMP Mon Feb 4 02:25:47 PST 2013

/usr/bin/uname -p = unknown
/bin/uname -X     = unknown

/bin/arch              = unknown
/usr/bin/arch -k       = unknown
/usr/convex/getsysinfo = unknown
/usr/bin/hostinfo      = unknown
/bin/machine           = unknown
/usr/bin/oslevel       = unknown
/bin/universe          = unknown

PATH: /usr/local/google/home/ccornelius/bin/clang+llvm-3.1-x86_64-linux-ubuntu_12.04/bin
PATH: /home/dalvik-prebuild/android-sdk-linux_x86/tools/
PATH: /home/dalvik-prebuild/android-sdk-linux_x86/platform-tools/
PATH: /home/dalvik-prebuild/vogar/bin/
PATH: /usr/lib/jvm/java-6-sun/bin
PATH: /usr/local/google/home/android_dalvik_icu51/master/out/host/linux-x86/bin
PATH: /usr/local/google/home/android_dalvik_icu51/master/prebuilts/gcc/linux-x86/x86/i686-linux-android-4.7/bin
PATH: /usr/local/google/home/android_dalvik_icu51/master/prebuilts/gcc/linux-x86/mips/mipsel-linux-android-4.7/bin
PATH: /usr/local/google/home/android_dalvik_icu51/master/development/emulator/qtools
PATH: /usr/local/google/home/android_dalvik_icu51/master/prebuilts/gcc/linux-x86/x86/i686-linux-android-4.7/bin
PATH: /usr/local/google/home/android_dalvik_icu51/master/development/scripts
PATH: /usr/local/google/home/android_dalvik_icu51/master/prebuilts/devtools/tools
PATH: /usr/local/google/home/ccornelius/bin/clang+llvm-3.1-x86_64-linux-ubuntu_12.04/bin
PATH: /home/dalvik-prebuild/android-sdk-linux_x86/tools/
PATH: /home/dalvik-prebuild/android-sdk-linux_x86/platform-tools/
PATH: /home/dalvik-prebuild/vogar/bin/
PATH: /usr/lib/lightdm/lightdm
PATH: /usr/lib/google-golang/bin
PATH: /usr/local/sbin
PATH: /usr/local/bin
PATH: /usr/sbin
PATH: /usr/bin
PATH: /sbin
PATH: /bin
PATH: /usr/local/google/home/ccornelius/bin/scripts
PATH: /usr/local/google/home/ccornelius/bin
PATH: /usr/local/google/home/ccornelius/bin/apache-ant-1.8.2/bin
PATH: /home/build/static/projects/mendel
PATH: /usr/local/google/home/ccornelius/bin/java/bin
PATH: .
PATH: /usr/local/google/home/ccornelius/bin/eclipse
PATH: /usr/local/google/home/ccornelius/bin
PATH: /google/data/ro/users/jc/jch/git/stale/bin
PATH: /usr/local/google/home/ccornelius/bin/scripts
PATH: /usr/local/google/home/ccornelius/bin
PATH: /usr/local/google/home/ccornelius/bin/apache-ant-1.8.2/bin
PATH: /home/build/static/projects/mendel
PATH: /usr/local/google/home/ccornelius/bin/java/bin
PATH: .
PATH: /usr/local/google/home/ccornelius/bin/eclipse
PATH: /usr/local/google/home/ccornelius/bin
PATH: /google/data/ro/users/jc/jch/git/stale/bin


## ----------- ##
## Core tests. ##
## ----------- ##

configure:2554: checking for ICU version numbers
configure:2587: result: release 51.1.0.1, library 51.1.0.1, unicode version 6.2
configure:2626: checking build system type
configure:2640: result: x86_64-unknown-linux-gnu
configure:2660: checking host system type
configure:2673: result: x86_64-unknown-linux-gnu
configure:2705: checking whether to build debug libraries
configure:2717: result: no
configure:2722: checking whether to build release libraries
configure:2734: result: yes
configure:2797: checking for clang
configure:2813: found /usr/local/google/home/ccornelius/bin/clang+llvm-3.1-x86_64-linux-ubuntu_12.04/bin/clang
configure:2824: result: clang
configure:2855: checking for C compiler version
configure:2864: clang --version >&5
clang version 3.1 (tags/RELEASE_31/final)
Target: x86_64-unknown-linux-gnu
Thread model: posix
configure:2875: $? = 0
configure:2864: clang -v >&5
clang version 3.1 (tags/RELEASE_31/final)
Target: x86_64-unknown-linux-gnu
Thread model: posix
configure:2875: $? = 0
configure:2864: clang -V >&5
clang: error: argument to '-V' is missing (expected 1 value)
clang: error: no input files
configure:2875: $? = 1
configure:2864: clang -qversion >&5
clang: error: no input files
configure:2875: $? = 1
configure:2895: checking whether the C compiler works
configure:2917: clang  -O3   conftest.c  >&5
configure:2921: $? = 0
configure:2969: result: yes
configure:2972: checking for C compiler default output file name
configure:2974: result: a.out
configure:2980: checking for suffix of executables
configure:2987: clang -o conftest  -O3   conftest.c  >&5
configure:2991: $? = 0
configure:3013: result: 
configure:3035: checking whether we are cross compiling
configure:3043: clang -o conftest  -O3   conftest.c  >&5
configure:3047: $? = 0
configure:3054: ./conftest
configure:3058: $? = 0
configure:3073: result: no
configure:3078: checking for suffix of object files
configure:3100: clang -c  -O3  conftest.c >&5
configure:3104: $? = 0
configure:3125: result: o
configure:3129: checking whether we are using the GNU C compiler
configure:3148: clang -c  -O3  conftest.c >&5
configure:3148: $? = 0
configure:3157: result: yes
configure:3166: checking whether clang accepts -g
configure:3186: clang -c -g  conftest.c >&5
configure:3186: $? = 0
configure:3227: result: yes
configure:3244: checking for clang option to accept ISO C89
configure:3308: clang  -c  -O3  conftest.c >&5
configure:3308: $? = 0
configure:3321: result: none needed
configure:3401: checking for clang++
configure:3417: found /usr/local/google/home/ccornelius/bin/clang+llvm-3.1-x86_64-linux-ubuntu_12.04/bin/clang++
configure:3428: result: clang++
configure:3455: checking for C++ compiler version
configure:3464: clang++ --version >&5
clang version 3.1 (tags/RELEASE_31/final)
Target: x86_64-unknown-linux-gnu
Thread model: posix
configure:3475: $? = 0
configure:3464: clang++ -v >&5
clang version 3.1 (tags/RELEASE_31/final)
Target: x86_64-unknown-linux-gnu
Thread model: posix
configure:3475: $? = 0
configure:3464: clang++ -V >&5
clang: error: argument to '-V' is missing (expected 1 value)
clang: error: no input files
configure:3475: $? = 1
configure:3464: clang++ -qversion >&5
clang: error: no input files
configure:3475: $? = 1
configure:3479: checking whether we are using the GNU C++ compiler
configure:3498: clang++ -c  -O3  conftest.cpp >&5
configure:3498: $? = 0
configure:3507: result: yes
configure:3516: checking whether clang++ accepts -g
configure:3536: clang++ -c -g  conftest.cpp >&5
configure:3536: $? = 0
configure:3577: result: yes
configure:3627: checking how to run the C preprocessor
configure:3658: clang -E  conftest.c
configure:3658: $? = 0
configure:3672: clang -E  conftest.c
conftest.c:9:10: fatal error: 'ac_nonexistent.h' file not found
#include <ac_nonexistent.h>
         ^
1 error generated.
configure:3672: $? = 1
configure: failed program was:
| /* confdefs.h */
| #define PACKAGE_NAME ""
| #define PACKAGE_TARNAME ""
| #define PACKAGE_VERSION ""
| #define PACKAGE_STRING ""
| #define PACKAGE_BUGREPORT ""
| #define PACKAGE_URL ""
| /* end confdefs.h.  */
| #include <ac_nonexistent.h>
configure:3697: result: clang -E
configure:3717: clang -E  conftest.c
configure:3717: $? = 0
configure:3731: clang -E  conftest.c
conftest.c:9:10: fatal error: 'ac_nonexistent.h' file not found
#include <ac_nonexistent.h>
         ^
1 error generated.
configure:3731: $? = 1
configure: failed program was:
| /* confdefs.h */
| #define PACKAGE_NAME ""
| #define PACKAGE_TARNAME ""
| #define PACKAGE_VERSION ""
| #define PACKAGE_STRING ""
| #define PACKAGE_BUGREPORT ""
| #define PACKAGE_URL ""
| /* end confdefs.h.  */
| #include <ac_nonexistent.h>
configure:3774: checking for a BSD-compatible install
configure:3842: result: /usr/bin/install -c
configure:3874: clang++ -o conftest  -O3   conftest.cpp  >&5
configure:3874: $? = 0
configure:3902: checking for gmake
configure:3935: result: no
configure:3902: checking for gnumake
configure:3935: result: no
configure:3977: checking for doxygen
configure:4011: result: no
configure:4031: checking checking for executable suffix
configure:4038: result: 
configure:4044: checking whether strict compiling is on
configure:4060: result: yes
configure:4097: checking for grep that handles long lines and -e
configure:4155: result: /bin/grep
configure:4160: checking for egrep
configure:4222: result: /bin/grep -E
configure:4227: checking for ANSI C header files
configure:4247: clang -c  -O3 -Wall -std=c99 -pedantic -Wshadow -Wpointer-arith -Wmissing-prototypes -Wwrite-strings  conftest.c >&5
configure:4247: $? = 0
configure:4320: clang -o conftest  -O3 -Wall -std=c99 -pedantic -Wshadow -Wpointer-arith -Wmissing-prototypes -Wwrite-strings   conftest.c  >&5
configure:4320: $? = 0
configure:4320: ./conftest
configure:4320: $? = 0
configure:4331: result: yes
configure:4344: checking for sys/types.h
configure:4344: clang -c  -O3 -Wall -std=c99 -pedantic -Wshadow -Wpointer-arith -Wmissing-prototypes -Wwrite-strings  conftest.c >&5
configure:4344: $? = 0
configure:4344: result: yes
configure:4344: checking for sys/stat.h
configure:4344: clang -c  -O3 -Wall -std=c99 -pedantic -Wshadow -Wpointer-arith -Wmissing-prototypes -Wwrite-strings  conftest.c >&5
configure:4344: $? = 0
configure:4344: result: yes
configure:4344: checking for stdlib.h
configure:4344: clang -c  -O3 -Wall -std=c99 -pedantic -Wshadow -Wpointer-arith -Wmissing-prototypes -Wwrite-strings  conftest.c >&5
configure:4344: $? = 0
configure:4344: result: yes
configure:4344: checking for string.h
configure:4344: clang -c  -O3 -Wall -std=c99 -pedantic -Wshadow -Wpointer-arith -Wmissing-prototypes -Wwrite-strings  conftest.c >&5
configure:4344: $? = 0
configure:4344: result: yes
configure:4344: checking for memory.h
configure:4344: clang -c  -O3 -Wall -std=c99 -pedantic -Wshadow -Wpointer-arith -Wmissing-prototypes -Wwrite-strings  conftest.c >&5
configure:4344: $? = 0
configure:4344: result: yes
configure:4344: checking for strings.h
configure:4344: clang -c  -O3 -Wall -std=c99 -pedantic -Wshadow -Wpointer-arith -Wmissing-prototypes -Wwrite-strings  conftest.c >&5
configure:4344: $? = 0
configure:4344: result: yes
configure:4344: checking for inttypes.h
configure:4344: clang -c  -O3 -Wall -std=c99 -pedantic -Wshadow -Wpointer-arith -Wmissing-prototypes -Wwrite-strings  conftest.c >&5
configure:4344: $? = 0
configure:4344: result: yes
configure:4344: checking for stdint.h
configure:4344: clang -c  -O3 -Wall -std=c99 -pedantic -Wshadow -Wpointer-arith -Wmissing-prototypes -Wwrite-strings  conftest.c >&5
configure:4344: $? = 0
configure:4344: result: yes
configure:4344: checking for unistd.h
configure:4344: clang -c  -O3 -Wall -std=c99 -pedantic -Wshadow -Wpointer-arith -Wmissing-prototypes -Wwrite-strings  conftest.c >&5
configure:4344: $? = 0
configure:4344: result: yes
configure:4393: checking size of void *
configure:4398: clang -o conftest  -O3 -Wall -std=c99 -pedantic -Wshadow -Wpointer-arith -Wmissing-prototypes -Wwrite-strings   conftest.c  >&5
configure:4398: $? = 0
configure:4398: ./conftest
configure:4398: $? = 0
configure:4412: result: 8
configure:4422: checking whether runnable 64 bit binaries are built by default
configure:4479: result: yes
configure:4823: checking which Makefile fragment to use for x86_64-unknown-linux-gnu
configure:4923: result: mh-linux
configure:4972: checking for floor in -lm
configure:4997: clang -o conftest  -O3 -Wall -std=c99 -pedantic -Wshadow -Wpointer-arith -Wmissing-prototypes -Wwrite-strings   conftest.c -lm   >&5
configure:4997: $? = 0
configure:5006: result: yes
configure:5022: checking whether to build shared libraries
configure:5037: result: no
configure:5042: checking whether to build static libraries
configure:5054: result: yes
configure:5062: checking whether we can use static library optimization option
configure:5091: clang -o conftest  -O3 -Wall -std=c99 -pedantic -Wshadow -Wpointer-arith -Wmissing-prototypes -Wwrite-strings  -ffunction-sections -fdata-sections  -Wl,--gc-sections conftest.c -lm  >&5
configure:5091: $? = 0
configure:5098: result: yes
configure:5110: checking whether to enable auto cleanup of libraries
configure:5125: result: no
configure:5164: checking whether to enable draft APIs
configure:5178: result: yes
configure:5229: checking for ranlib
configure:5245: found /usr/bin/ranlib
configure:5256: result: ranlib
configure:5323: checking for ar
configure:5339: found /usr/bin/ar
configure:5350: result: ar
configure:5373: checking whether to enable renaming of symbols
configure:5388: result: yes
configure:5392: checking whether to enable function and data tracing
configure:5407: result: no
configure:5414: checking whether to enable dynamic loading of plugins
configure:5432: result: yes
configure:5439: checking dlfcn.h usability
configure:5439: clang -c  -O3 -Wall -std=c99 -pedantic -Wshadow -Wpointer-arith -Wmissing-prototypes -Wwrite-strings  -ffunction-sections -fdata-sections conftest.c >&5
configure:5439: $? = 0
configure:5439: result: yes
configure:5439: checking dlfcn.h presence
configure:5439: clang -E  -ffunction-sections -fdata-sections conftest.c
configure:5439: $? = 0
configure:5439: result: yes
configure:5439: checking for dlfcn.h
configure:5439: result: yes
configure:5450: checking for library containing dlopen
configure:5481: clang -o conftest  -O3 -Wall -std=c99 -pedantic -Wshadow -Wpointer-arith -Wmissing-prototypes -Wwrite-strings  -ffunction-sections -fdata-sections  -Wl,--gc-sections conftest.c -lm  >&5
/tmp/conftest-UcVzOf.o: In function `main':
conftest.c:(.text.main+0x4): undefined reference to `dlopen'
clang: error: linker command failed with exit code 1 (use -v to see invocation)
configure:5481: $? = 1
configure: failed program was:
| /* confdefs.h */
| #define PACKAGE_NAME ""
| #define PACKAGE_TARNAME ""
| #define PACKAGE_VERSION ""
| #define PACKAGE_STRING ""
| #define PACKAGE_BUGREPORT ""
| #define PACKAGE_URL ""
| #define STDC_HEADERS 1
| #define HAVE_SYS_TYPES_H 1
| #define HAVE_SYS_STAT_H 1
| #define HAVE_STDLIB_H 1
| #define HAVE_STRING_H 1
| #define HAVE_MEMORY_H 1
| #define HAVE_STRINGS_H 1
| #define HAVE_INTTYPES_H 1
| #define HAVE_STDINT_H 1
| #define HAVE_UNISTD_H 1
| #define SIZEOF_VOID_P 8
| #define HAVE_LIBM 1
| #define HAVE_DLFCN_H 1
| /* end confdefs.h.  */
| 
| /* Override any GCC internal prototype to avoid an error.
|    Use char because int might match the return type of a GCC
|    builtin and then its argument prototype would still apply.  */
| #ifdef __cplusplus
| extern "C"
| #endif
| char dlopen ();
| int
| main ()
| {
| return dlopen ();
|   ;
|   return 0;
| }
configure:5481: clang -o conftest  -O3 -Wall -std=c99 -pedantic -Wshadow -Wpointer-arith -Wmissing-prototypes -Wwrite-strings  -ffunction-sections -fdata-sections  -Wl,--gc-sections conftest.c -ldl  -lm  >&5
configure:5481: $? = 0
configure:5498: result: -ldl
configure:5508: checking for dlopen
configure:5508: clang -o conftest  -O3 -Wall -std=c99 -pedantic -Wshadow -Wpointer-arith -Wmissing-prototypes -Wwrite-strings  -ffunction-sections -fdata-sections  -Wl,--gc-sections conftest.c -ldl -lm  >&5
configure:5508: $? = 0
configure:5508: result: yes
configure:5528: checking for gettimeofday
configure:5528: clang -o conftest  -O3 -Wall -std=c99 -pedantic -Wshadow -Wpointer-arith -Wmissing-prototypes -Wwrite-strings  -ffunction-sections -fdata-sections  -Wl,--gc-sections conftest.c -ldl -lm  >&5
configure:5528: $? = 0
configure:5528: result: yes
configure:5562: checking if we have a C++ compiler
configure:5575: clang++ -c  -O3 -W -Wall -pedantic -Wpointer-arith -Wwrite-strings -Wno-long-long  -ffunction-sections -fdata-sections conftest.cpp >&5
configure:5575: $? = 0
configure:5583: result: Good
configure:5591: checking if #include <string> works
configure:5604: clang++ -c  -O3 -W -Wall -pedantic -Wpointer-arith -Wwrite-strings -Wno-long-long  -ffunction-sections -fdata-sections conftest.cpp >&5
configure:5604: $? = 0
configure:5610: result: yes
configure:5639: checking for pthread_attr_init in -lpthread
configure:5664: clang -o conftest  -O3 -Wall -std=c99 -pedantic -Wshadow -Wpointer-arith -Wmissing-prototypes -Wwrite-strings  -ffunction-sections -fdata-sections  -Wl,--gc-sections conftest.c -lpthread  -ldl -lm  >&5
configure:5664: $? = 0
configure:5673: result: yes
configure:5876: checking for mmap
configure:5895: clang -o conftest  -O3 -Wall -std=c99 -pedantic -Wshadow -Wpointer-arith -Wmissing-prototypes -Wwrite-strings  -ffunction-sections -fdata-sections  -Wl,--gc-sections conftest.c -lpthread -ldl -lm  >&5
configure:5895: $? = 0
configure:5904: result: yes
configure:5914: checking for genccode assembly
configure:5948: result: -a gcc
configure:5954: checking for inttypes.h
configure:5954: result: yes
configure:5983: checking dirent.h usability
configure:5983: clang -c  -O3 -Wall -std=c99 -pedantic -Wshadow -Wpointer-arith -Wmissing-prototypes -Wwrite-strings  -ffunction-sections -fdata-sections conftest.c >&5
configure:5983: $? = 0
configure:5983: result: yes
configure:5983: checking dirent.h presence
configure:5983: clang -E  -ffunction-sections -fdata-sections conftest.c
configure:5983: $? = 0
configure:5983: result: yes
configure:5983: checking for dirent.h
configure:5983: result: yes
configure:6003: checking whether byte ordering is bigendian
configure:6018: clang -c  -O3 -Wall -std=c99 -pedantic -Wshadow -Wpointer-arith -Wmissing-prototypes -Wwrite-strings  -ffunction-sections -fdata-sections conftest.c >&5
conftest.c:28:9: error: unknown type name 'not'
               not a universal capable compiler
               ^
conftest.c:28:14: error: expected ';' after top level declarator
               not a universal capable compiler
                    ^
                    ;       
2 errors generated.
configure:6018: $? = 1
configure: failed program was:
| /* confdefs.h */
| #define PACKAGE_NAME ""
| #define PACKAGE_TARNAME ""
| #define PACKAGE_VERSION ""
| #define PACKAGE_STRING ""
| #define PACKAGE_BUGREPORT ""
| #define PACKAGE_URL ""
| #define STDC_HEADERS 1
| #define HAVE_SYS_TYPES_H 1
| #define HAVE_SYS_STAT_H 1
| #define HAVE_STDLIB_H 1
| #define HAVE_STRING_H 1
| #define HAVE_MEMORY_H 1
| #define HAVE_STRINGS_H 1
| #define HAVE_INTTYPES_H 1
| #define HAVE_STDINT_H 1
| #define HAVE_UNISTD_H 1
| #define SIZEOF_VOID_P 8
| #define HAVE_LIBM 1
| #define HAVE_DLFCN_H 1
| #define HAVE_DLOPEN 1
| #define HAVE_GETTIMEOFDAY 1
| #define HAVE_LIBPTHREAD 1
| #define HAVE_INTTYPES_H 1
| #define HAVE_DIRENT_H 1
| /* end confdefs.h.  */
| #ifndef __APPLE_CC__
| 	       not a universal capable compiler
| 	     #endif
| 	     typedef int dummy;
| 
configure:6063: clang -c  -O3 -Wall -std=c99 -pedantic -Wshadow -Wpointer-arith -Wmissing-prototypes -Wwrite-strings  -ffunction-sections -fdata-sections conftest.c >&5
conftest.c:34:8: error: use of undeclared identifier 'bogus'
              bogus endian macros
              ^
1 error generated.
configure:6063: $? = 1
configure: failed program was:
| /* confdefs.h */
| #define PACKAGE_NAME ""
| #define PACKAGE_TARNAME ""
| #define PACKAGE_VERSION ""
| #define PACKAGE_STRING ""
| #define PACKAGE_BUGREPORT ""
| #define PACKAGE_URL ""
| #define STDC_HEADERS 1
| #define HAVE_SYS_TYPES_H 1
| #define HAVE_SYS_STAT_H 1
| #define HAVE_STDLIB_H 1
| #define HAVE_STRING_H 1
| #define HAVE_MEMORY_H 1
| #define HAVE_STRINGS_H 1
| #define HAVE_INTTYPES_H 1
| #define HAVE_STDINT_H 1
| #define HAVE_UNISTD_H 1
| #define SIZEOF_VOID_P 8
| #define HAVE_LIBM 1
| #define HAVE_DLFCN_H 1
| #define HAVE_DLOPEN 1
| #define HAVE_GETTIMEOFDAY 1
| #define HAVE_LIBPTHREAD 1
| #define HAVE_INTTYPES_H 1
| #define HAVE_DIRENT_H 1
| /* end confdefs.h.  */
| #include <sys/types.h>
| 	     #include <sys/param.h>
| 
| int
| main ()
| {
| #if ! (defined BYTE_ORDER && defined BIG_ENDIAN 		     && defined LITTLE_ENDIAN && BYTE_ORDER && BIG_ENDIAN 		     && LITTLE_ENDIAN)
| 	      bogus endian macros
| 	     #endif
| 
|   ;
|   return 0;
| }
configure:6107: clang -c  -O3 -Wall -std=c99 -pedantic -Wshadow -Wpointer-arith -Wmissing-prototypes -Wwrite-strings  -ffunction-sections -fdata-sections conftest.c >&5
conftest.c:33:8: error: use of undeclared identifier 'bogus'
              bogus endian macros
              ^
1 error generated.
configure:6107: $? = 1
configure: failed program was:
| /* confdefs.h */
| #define PACKAGE_NAME ""
| #define PACKAGE_TARNAME ""
| #define PACKAGE_VERSION ""
| #define PACKAGE_STRING ""
| #define PACKAGE_BUGREPORT ""
| #define PACKAGE_URL ""
| #define STDC_HEADERS 1
| #define HAVE_SYS_TYPES_H 1
| #define HAVE_SYS_STAT_H 1
| #define HAVE_STDLIB_H 1
| #define HAVE_STRING_H 1
| #define HAVE_MEMORY_H 1
| #define HAVE_STRINGS_H 1
| #define HAVE_INTTYPES_H 1
| #define HAVE_STDINT_H 1
| #define HAVE_UNISTD_H 1
| #define SIZEOF_VOID_P 8
| #define HAVE_LIBM 1
| #define HAVE_DLFCN_H 1
| #define HAVE_DLOPEN 1
| #define HAVE_GETTIMEOFDAY 1
| #define HAVE_LIBPTHREAD 1
| #define HAVE_INTTYPES_H 1
| #define HAVE_DIRENT_H 1
| /* end confdefs.h.  */
| #include <limits.h>
| 
| int
| main ()
| {
| #if ! (defined _LITTLE_ENDIAN || defined _BIG_ENDIAN)
| 	      bogus endian macros
| 	     #endif
| 
|   ;
|   return 0;
| }
configure:6198: clang -o conftest  -O3 -Wall -std=c99 -pedantic -Wshadow -Wpointer-arith -Wmissing-prototypes -Wwrite-strings  -ffunction-sections -fdata-sections  -Wl,--gc-sections conftest.c -lpthread -ldl -lm  >&5
configure:6198: $? = 0
configure:6198: ./conftest
configure:6198: $? = 0
configure:6209: result: no
configure:6239: checking for nl_langinfo
configure:6239: clang -o conftest  -O3 -Wall -std=c99 -pedantic -Wshadow -Wpointer-arith -Wmissing-prototypes -Wwrite-strings  -ffunction-sections -fdata-sections  -Wl,--gc-sections conftest.c -lpthread -ldl -lm  >&5
configure:6239: $? = 0
configure:6239: result: yes
configure:6247: checking for nl_langinfo's argument to obtain the codeset
configure:6265: clang -o conftest  -O3 -Wall -std=c99 -pedantic -Wshadow -Wpointer-arith -Wmissing-prototypes -Wwrite-strings  -ffunction-sections -fdata-sections  -Wl,--gc-sections conftest.c -lpthread -ldl -lm  >&5
configure:6265: $? = 0
configure:6272: result: CODESET
configure:6296: checking for namespace support
configure:6315: clang++ -o conftest  -O3 -W -Wall -pedantic -Wpointer-arith -Wwrite-strings -Wno-long-long  -ffunction-sections -fdata-sections  -Wl,--gc-sections conftest.cpp -lpthread -ldl -lm  >&5
configure:6315: $? = 0
configure:6324: result: yes
configure:6331: checking for properly overriding new and delete
configure:6357: clang++ -o conftest  -O3 -W -Wall -pedantic -Wpointer-arith -Wwrite-strings -Wno-long-long  -ffunction-sections -fdata-sections  -Wl,--gc-sections conftest.cpp -lpthread -ldl -lm  >&5
configure:6357: $? = 0
configure:6366: result: yes
configure:6371: checking for placement new and delete
configure:6397: clang++ -o conftest  -O3 -W -Wall -pedantic -Wpointer-arith -Wwrite-strings -Wno-long-long  -ffunction-sections -fdata-sections  -Wl,--gc-sections conftest.cpp -lpthread -ldl -lm  >&5
configure:6397: $? = 0
configure:6406: result: yes
configure:6426: checking for popen
configure:6426: clang -o conftest  -O3 -Wall -std=c99 -pedantic -Wshadow -Wpointer-arith -Wmissing-prototypes -Wwrite-strings  -ffunction-sections -fdata-sections  -Wl,--gc-sections conftest.c -lpthread -ldl -lm  >&5
configure:6426: $? = 0
configure:6426: result: yes
configure:6440: checking for tzset
configure:6440: clang -o conftest  -O3 -Wall -std=c99 -pedantic -Wshadow -Wpointer-arith -Wmissing-prototypes -Wwrite-strings  -ffunction-sections -fdata-sections  -Wl,--gc-sections conftest.c -lpthread -ldl -lm  >&5
configure:6440: $? = 0
configure:6440: result: yes
configure:6468: checking for tzname
configure:6491: clang -o conftest  -O3 -Wall -std=c99 -pedantic -Wshadow -Wpointer-arith -Wmissing-prototypes -Wwrite-strings  -ffunction-sections -fdata-sections  -Wl,--gc-sections conftest.c -lpthread -ldl -lm  >&5
conftest.c:38:1: warning: ignoring return value of function declared with pure attribute [-Wunused-value]
atoi(*tzname);
^~~~ ~~~~~~~
1 warning generated.
configure:6491: $? = 0
configure:6499: result: yes
configure:6543: checking for timezone
configure:6566: clang -o conftest  -O3 -Wall -std=c99 -pedantic -Wshadow -Wpointer-arith -Wmissing-prototypes -Wwrite-strings  -ffunction-sections -fdata-sections  -Wl,--gc-sections conftest.c -lpthread -ldl -lm  >&5
conftest.c:38:1: error: use of undeclared identifier 'timezone'; did you mean '__timezone'?
timezone = 1;
^~~~~~~~
__timezone
/usr/include/time.h:278:17: note: '__timezone' declared here
extern long int __timezone;     /* Seconds west of UTC.  */
                ^
1 error generated.
configure:6566: $? = 1
configure: failed program was:
| /* confdefs.h */
| #define PACKAGE_NAME ""
| #define PACKAGE_TARNAME ""
| #define PACKAGE_VERSION ""
| #define PACKAGE_STRING ""
| #define PACKAGE_BUGREPORT ""
| #define PACKAGE_URL ""
| #define STDC_HEADERS 1
| #define HAVE_SYS_TYPES_H 1
| #define HAVE_SYS_STAT_H 1
| #define HAVE_STDLIB_H 1
| #define HAVE_STRING_H 1
| #define HAVE_MEMORY_H 1
| #define HAVE_STRINGS_H 1
| #define HAVE_INTTYPES_H 1
| #define HAVE_STDINT_H 1
| #define HAVE_UNISTD_H 1
| #define SIZEOF_VOID_P 8
| #define HAVE_LIBM 1
| #define HAVE_DLFCN_H 1
| #define HAVE_DLOPEN 1
| #define HAVE_GETTIMEOFDAY 1
| #define HAVE_LIBPTHREAD 1
| #define HAVE_INTTYPES_H 1
| #define HAVE_DIRENT_H 1
| /* end confdefs.h.  */
| #ifndef __USE_POSIX
| #define __USE_POSIX
| #endif
| #ifndef __USE_XOPEN
| #define __USE_XOPEN
| #endif
| #include <time.h>
| 
| int
| main ()
| {
| timezone = 1;
|   ;
|   return 0;
| }
configure:6574: result: no
configure:6581: checking for __timezone
configure:6597: clang -o conftest  -O3 -Wall -std=c99 -pedantic -Wshadow -Wpointer-arith -Wmissing-prototypes -Wwrite-strings  -ffunction-sections -fdata-sections  -Wl,--gc-sections conftest.c -lpthread -ldl -lm  >&5
configure:6597: $? = 0
configure:6605: result: yes
configure:6649: checking for int8_t
configure:6649: clang -c  -O3 -Wall -std=c99 -pedantic -Wshadow -Wpointer-arith -Wmissing-prototypes -Wwrite-strings  -ffunction-sections -fdata-sections conftest.c >&5
configure:6649: $? = 0
configure:6649: clang -c  -O3 -Wall -std=c99 -pedantic -Wshadow -Wpointer-arith -Wmissing-prototypes -Wwrite-strings  -ffunction-sections -fdata-sections conftest.c >&5
conftest.c:63:21: error: expected expression
if (sizeof ((int8_t)))
                    ^
1 error generated.
configure:6649: $? = 1
configure: failed program was:
| /* confdefs.h */
| #define PACKAGE_NAME ""
| #define PACKAGE_TARNAME ""
| #define PACKAGE_VERSION ""
| #define PACKAGE_STRING ""
| #define PACKAGE_BUGREPORT ""
| #define PACKAGE_URL ""
| #define STDC_HEADERS 1
| #define HAVE_SYS_TYPES_H 1
| #define HAVE_SYS_STAT_H 1
| #define HAVE_STDLIB_H 1
| #define HAVE_STRING_H 1
| #define HAVE_MEMORY_H 1
| #define HAVE_STRINGS_H 1
| #define HAVE_INTTYPES_H 1
| #define HAVE_STDINT_H 1
| #define HAVE_UNISTD_H 1
| #define SIZEOF_VOID_P 8
| #define HAVE_LIBM 1
| #define HAVE_DLFCN_H 1
| #define HAVE_DLOPEN 1
| #define HAVE_GETTIMEOFDAY 1
| #define HAVE_LIBPTHREAD 1
| #define HAVE_INTTYPES_H 1
| #define HAVE_DIRENT_H 1
| /* end confdefs.h.  */
| #include <stdio.h>
| #ifdef HAVE_SYS_TYPES_H
| # include <sys/types.h>
| #endif
| #ifdef HAVE_SYS_STAT_H
| # include <sys/stat.h>
| #endif
| #ifdef STDC_HEADERS
| # include <stdlib.h>
| # include <stddef.h>
| #else
| # ifdef HAVE_STDLIB_H
| #  include <stdlib.h>
| # endif
| #endif
| #ifdef HAVE_STRING_H
| # if !defined STDC_HEADERS && defined HAVE_MEMORY_H
| #  include <memory.h>
| # endif
| # include <string.h>
| #endif
| #ifdef HAVE_STRINGS_H
| # include <strings.h>
| #endif
| #ifdef HAVE_INTTYPES_H
| # include <inttypes.h>
| #endif
| #ifdef HAVE_STDINT_H
| # include <stdint.h>
| #endif
| #ifdef HAVE_UNISTD_H
| # include <unistd.h>
| #endif
| int
| main ()
| {
| if (sizeof ((int8_t)))
| 	    return 0;
|   ;
|   return 0;
| }
configure:6649: result: yes
configure:6660: checking for uint8_t
configure:6660: clang -c  -O3 -Wall -std=c99 -pedantic -Wshadow -Wpointer-arith -Wmissing-prototypes -Wwrite-strings  -ffunction-sections -fdata-sections conftest.c >&5
configure:6660: $? = 0
configure:6660: clang -c  -O3 -Wall -std=c99 -pedantic -Wshadow -Wpointer-arith -Wmissing-prototypes -Wwrite-strings  -ffunction-sections -fdata-sections conftest.c >&5
conftest.c:63:22: error: expected expression
if (sizeof ((uint8_t)))
                     ^
1 error generated.
configure:6660: $? = 1
configure: failed program was:
| /* confdefs.h */
| #define PACKAGE_NAME ""
| #define PACKAGE_TARNAME ""
| #define PACKAGE_VERSION ""
| #define PACKAGE_STRING ""
| #define PACKAGE_BUGREPORT ""
| #define PACKAGE_URL ""
| #define STDC_HEADERS 1
| #define HAVE_SYS_TYPES_H 1
| #define HAVE_SYS_STAT_H 1
| #define HAVE_STDLIB_H 1
| #define HAVE_STRING_H 1
| #define HAVE_MEMORY_H 1
| #define HAVE_STRINGS_H 1
| #define HAVE_INTTYPES_H 1
| #define HAVE_STDINT_H 1
| #define HAVE_UNISTD_H 1
| #define SIZEOF_VOID_P 8
| #define HAVE_LIBM 1
| #define HAVE_DLFCN_H 1
| #define HAVE_DLOPEN 1
| #define HAVE_GETTIMEOFDAY 1
| #define HAVE_LIBPTHREAD 1
| #define HAVE_INTTYPES_H 1
| #define HAVE_DIRENT_H 1
| /* end confdefs.h.  */
| #include <stdio.h>
| #ifdef HAVE_SYS_TYPES_H
| # include <sys/types.h>
| #endif
| #ifdef HAVE_SYS_STAT_H
| # include <sys/stat.h>
| #endif
| #ifdef STDC_HEADERS
| # include <stdlib.h>
| # include <stddef.h>
| #else
| # ifdef HAVE_STDLIB_H
| #  include <stdlib.h>
| # endif
| #endif
| #ifdef HAVE_STRING_H
| # if !defined STDC_HEADERS && defined HAVE_MEMORY_H
| #  include <memory.h>
| # endif
| # include <string.h>
| #endif
| #ifdef HAVE_STRINGS_H
| # include <strings.h>
| #endif
| #ifdef HAVE_INTTYPES_H
| # include <inttypes.h>
| #endif
| #ifdef HAVE_STDINT_H
| # include <stdint.h>
| #endif
| #ifdef HAVE_UNISTD_H
| # include <unistd.h>
| #endif
| int
| main ()
| {
| if (sizeof ((uint8_t)))
| 	    return 0;
|   ;
|   return 0;
| }
configure:6660: result: yes
configure:6671: checking for int16_t
configure:6671: clang -c  -O3 -Wall -std=c99 -pedantic -Wshadow -Wpointer-arith -Wmissing-prototypes -Wwrite-strings  -ffunction-sections -fdata-sections conftest.c >&5
configure:6671: $? = 0
configure:6671: clang -c  -O3 -Wall -std=c99 -pedantic -Wshadow -Wpointer-arith -Wmissing-prototypes -Wwrite-strings  -ffunction-sections -fdata-sections conftest.c >&5
conftest.c:63:22: error: expected expression
if (sizeof ((int16_t)))
                     ^
1 error generated.
configure:6671: $? = 1
configure: failed program was:
| /* confdefs.h */
| #define PACKAGE_NAME ""
| #define PACKAGE_TARNAME ""
| #define PACKAGE_VERSION ""
| #define PACKAGE_STRING ""
| #define PACKAGE_BUGREPORT ""
| #define PACKAGE_URL ""
| #define STDC_HEADERS 1
| #define HAVE_SYS_TYPES_H 1
| #define HAVE_SYS_STAT_H 1
| #define HAVE_STDLIB_H 1
| #define HAVE_STRING_H 1
| #define HAVE_MEMORY_H 1
| #define HAVE_STRINGS_H 1
| #define HAVE_INTTYPES_H 1
| #define HAVE_STDINT_H 1
| #define HAVE_UNISTD_H 1
| #define SIZEOF_VOID_P 8
| #define HAVE_LIBM 1
| #define HAVE_DLFCN_H 1
| #define HAVE_DLOPEN 1
| #define HAVE_GETTIMEOFDAY 1
| #define HAVE_LIBPTHREAD 1
| #define HAVE_INTTYPES_H 1
| #define HAVE_DIRENT_H 1
| /* end confdefs.h.  */
| #include <stdio.h>
| #ifdef HAVE_SYS_TYPES_H
| # include <sys/types.h>
| #endif
| #ifdef HAVE_SYS_STAT_H
| # include <sys/stat.h>
| #endif
| #ifdef STDC_HEADERS
| # include <stdlib.h>
| # include <stddef.h>
| #else
| # ifdef HAVE_STDLIB_H
| #  include <stdlib.h>
| # endif
| #endif
| #ifdef HAVE_STRING_H
| # if !defined STDC_HEADERS && defined HAVE_MEMORY_H
| #  include <memory.h>
| # endif
| # include <string.h>
| #endif
| #ifdef HAVE_STRINGS_H
| # include <strings.h>
| #endif
| #ifdef HAVE_INTTYPES_H
| # include <inttypes.h>
| #endif
| #ifdef HAVE_STDINT_H
| # include <stdint.h>
| #endif
| #ifdef HAVE_UNISTD_H
| # include <unistd.h>
| #endif
| int
| main ()
| {
| if (sizeof ((int16_t)))
| 	    return 0;
|   ;
|   return 0;
| }
configure:6671: result: yes
configure:6682: checking for uint16_t
configure:6682: clang -c  -O3 -Wall -std=c99 -pedantic -Wshadow -Wpointer-arith -Wmissing-prototypes -Wwrite-strings  -ffunction-sections -fdata-sections conftest.c >&5
configure:6682: $? = 0
configure:6682: clang -c  -O3 -Wall -std=c99 -pedantic -Wshadow -Wpointer-arith -Wmissing-prototypes -Wwrite-strings  -ffunction-sections -fdata-sections conftest.c >&5
conftest.c:63:23: error: expected expression
if (sizeof ((uint16_t)))
                      ^
1 error generated.
configure:6682: $? = 1
configure: failed program was:
| /* confdefs.h */
| #define PACKAGE_NAME ""
| #define PACKAGE_TARNAME ""
| #define PACKAGE_VERSION ""
| #define PACKAGE_STRING ""
| #define PACKAGE_BUGREPORT ""
| #define PACKAGE_URL ""
| #define STDC_HEADERS 1
| #define HAVE_SYS_TYPES_H 1
| #define HAVE_SYS_STAT_H 1
| #define HAVE_STDLIB_H 1
| #define HAVE_STRING_H 1
| #define HAVE_MEMORY_H 1
| #define HAVE_STRINGS_H 1
| #define HAVE_INTTYPES_H 1
| #define HAVE_STDINT_H 1
| #define HAVE_UNISTD_H 1
| #define SIZEOF_VOID_P 8
| #define HAVE_LIBM 1
| #define HAVE_DLFCN_H 1
| #define HAVE_DLOPEN 1
| #define HAVE_GETTIMEOFDAY 1
| #define HAVE_LIBPTHREAD 1
| #define HAVE_INTTYPES_H 1
| #define HAVE_DIRENT_H 1
| /* end confdefs.h.  */
| #include <stdio.h>
| #ifdef HAVE_SYS_TYPES_H
| # include <sys/types.h>
| #endif
| #ifdef HAVE_SYS_STAT_H
| # include <sys/stat.h>
| #endif
| #ifdef STDC_HEADERS
| # include <stdlib.h>
| # include <stddef.h>
| #else
| # ifdef HAVE_STDLIB_H
| #  include <stdlib.h>
| # endif
| #endif
| #ifdef HAVE_STRING_H
| # if !defined STDC_HEADERS && defined HAVE_MEMORY_H
| #  include <memory.h>
| # endif
| # include <string.h>
| #endif
| #ifdef HAVE_STRINGS_H
| # include <strings.h>
| #endif
| #ifdef HAVE_INTTYPES_H
| # include <inttypes.h>
| #endif
| #ifdef HAVE_STDINT_H
| # include <stdint.h>
| #endif
| #ifdef HAVE_UNISTD_H
| # include <unistd.h>
| #endif
| int
| main ()
| {
| if (sizeof ((uint16_t)))
| 	    return 0;
|   ;
|   return 0;
| }
configure:6682: result: yes
configure:6693: checking for int32_t
configure:6693: clang -c  -O3 -Wall -std=c99 -pedantic -Wshadow -Wpointer-arith -Wmissing-prototypes -Wwrite-strings  -ffunction-sections -fdata-sections conftest.c >&5
configure:6693: $? = 0
configure:6693: clang -c  -O3 -Wall -std=c99 -pedantic -Wshadow -Wpointer-arith -Wmissing-prototypes -Wwrite-strings  -ffunction-sections -fdata-sections conftest.c >&5
conftest.c:63:22: error: expected expression
if (sizeof ((int32_t)))
                     ^
1 error generated.
configure:6693: $? = 1
configure: failed program was:
| /* confdefs.h */
| #define PACKAGE_NAME ""
| #define PACKAGE_TARNAME ""
| #define PACKAGE_VERSION ""
| #define PACKAGE_STRING ""
| #define PACKAGE_BUGREPORT ""
| #define PACKAGE_URL ""
| #define STDC_HEADERS 1
| #define HAVE_SYS_TYPES_H 1
| #define HAVE_SYS_STAT_H 1
| #define HAVE_STDLIB_H 1
| #define HAVE_STRING_H 1
| #define HAVE_MEMORY_H 1
| #define HAVE_STRINGS_H 1
| #define HAVE_INTTYPES_H 1
| #define HAVE_STDINT_H 1
| #define HAVE_UNISTD_H 1
| #define SIZEOF_VOID_P 8
| #define HAVE_LIBM 1
| #define HAVE_DLFCN_H 1
| #define HAVE_DLOPEN 1
| #define HAVE_GETTIMEOFDAY 1
| #define HAVE_LIBPTHREAD 1
| #define HAVE_INTTYPES_H 1
| #define HAVE_DIRENT_H 1
| /* end confdefs.h.  */
| #include <stdio.h>
| #ifdef HAVE_SYS_TYPES_H
| # include <sys/types.h>
| #endif
| #ifdef HAVE_SYS_STAT_H
| # include <sys/stat.h>
| #endif
| #ifdef STDC_HEADERS
| # include <stdlib.h>
| # include <stddef.h>
| #else
| # ifdef HAVE_STDLIB_H
| #  include <stdlib.h>
| # endif
| #endif
| #ifdef HAVE_STRING_H
| # if !defined STDC_HEADERS && defined HAVE_MEMORY_H
| #  include <memory.h>
| # endif
| # include <string.h>
| #endif
| #ifdef HAVE_STRINGS_H
| # include <strings.h>
| #endif
| #ifdef HAVE_INTTYPES_H
| # include <inttypes.h>
| #endif
| #ifdef HAVE_STDINT_H
| # include <stdint.h>
| #endif
| #ifdef HAVE_UNISTD_H
| # include <unistd.h>
| #endif
| int
| main ()
| {
| if (sizeof ((int32_t)))
| 	    return 0;
|   ;
|   return 0;
| }
configure:6693: result: yes
configure:6704: checking for uint32_t
configure:6704: clang -c  -O3 -Wall -std=c99 -pedantic -Wshadow -Wpointer-arith -Wmissing-prototypes -Wwrite-strings  -ffunction-sections -fdata-sections conftest.c >&5
configure:6704: $? = 0
configure:6704: clang -c  -O3 -Wall -std=c99 -pedantic -Wshadow -Wpointer-arith -Wmissing-prototypes -Wwrite-strings  -ffunction-sections -fdata-sections conftest.c >&5
conftest.c:63:23: error: expected expression
if (sizeof ((uint32_t)))
                      ^
1 error generated.
configure:6704: $? = 1
configure: failed program was:
| /* confdefs.h */
| #define PACKAGE_NAME ""
| #define PACKAGE_TARNAME ""
| #define PACKAGE_VERSION ""
| #define PACKAGE_STRING ""
| #define PACKAGE_BUGREPORT ""
| #define PACKAGE_URL ""
| #define STDC_HEADERS 1
| #define HAVE_SYS_TYPES_H 1
| #define HAVE_SYS_STAT_H 1
| #define HAVE_STDLIB_H 1
| #define HAVE_STRING_H 1
| #define HAVE_MEMORY_H 1
| #define HAVE_STRINGS_H 1
| #define HAVE_INTTYPES_H 1
| #define HAVE_STDINT_H 1
| #define HAVE_UNISTD_H 1
| #define SIZEOF_VOID_P 8
| #define HAVE_LIBM 1
| #define HAVE_DLFCN_H 1
| #define HAVE_DLOPEN 1
| #define HAVE_GETTIMEOFDAY 1
| #define HAVE_LIBPTHREAD 1
| #define HAVE_INTTYPES_H 1
| #define HAVE_DIRENT_H 1
| /* end confdefs.h.  */
| #include <stdio.h>
| #ifdef HAVE_SYS_TYPES_H
| # include <sys/types.h>
| #endif
| #ifdef HAVE_SYS_STAT_H
| # include <sys/stat.h>
| #endif
| #ifdef STDC_HEADERS
| # include <stdlib.h>
| # include <stddef.h>
| #else
| # ifdef HAVE_STDLIB_H
| #  include <stdlib.h>
| # endif
| #endif
| #ifdef HAVE_STRING_H
| # if !defined STDC_HEADERS && defined HAVE_MEMORY_H
| #  include <memory.h>
| # endif
| # include <string.h>
| #endif
| #ifdef HAVE_STRINGS_H
| # include <strings.h>
| #endif
| #ifdef HAVE_INTTYPES_H
| # include <inttypes.h>
| #endif
| #ifdef HAVE_STDINT_H
| # include <stdint.h>
| #endif
| #ifdef HAVE_UNISTD_H
| # include <unistd.h>
| #endif
| int
| main ()
| {
| if (sizeof ((uint32_t)))
| 	    return 0;
|   ;
|   return 0;
| }
configure:6704: result: yes
configure:6715: checking for int64_t
configure:6715: clang -c  -O3 -Wall -std=c99 -pedantic -Wshadow -Wpointer-arith -Wmissing-prototypes -Wwrite-strings  -ffunction-sections -fdata-sections conftest.c >&5
configure:6715: $? = 0
configure:6715: clang -c  -O3 -Wall -std=c99 -pedantic -Wshadow -Wpointer-arith -Wmissing-prototypes -Wwrite-strings  -ffunction-sections -fdata-sections conftest.c >&5
conftest.c:63:22: error: expected expression
if (sizeof ((int64_t)))
                     ^
1 error generated.
configure:6715: $? = 1
configure: failed program was:
| /* confdefs.h */
| #define PACKAGE_NAME ""
| #define PACKAGE_TARNAME ""
| #define PACKAGE_VERSION ""
| #define PACKAGE_STRING ""
| #define PACKAGE_BUGREPORT ""
| #define PACKAGE_URL ""
| #define STDC_HEADERS 1
| #define HAVE_SYS_TYPES_H 1
| #define HAVE_SYS_STAT_H 1
| #define HAVE_STDLIB_H 1
| #define HAVE_STRING_H 1
| #define HAVE_MEMORY_H 1
| #define HAVE_STRINGS_H 1
| #define HAVE_INTTYPES_H 1
| #define HAVE_STDINT_H 1
| #define HAVE_UNISTD_H 1
| #define SIZEOF_VOID_P 8
| #define HAVE_LIBM 1
| #define HAVE_DLFCN_H 1
| #define HAVE_DLOPEN 1
| #define HAVE_GETTIMEOFDAY 1
| #define HAVE_LIBPTHREAD 1
| #define HAVE_INTTYPES_H 1
| #define HAVE_DIRENT_H 1
| /* end confdefs.h.  */
| #include <stdio.h>
| #ifdef HAVE_SYS_TYPES_H
| # include <sys/types.h>
| #endif
| #ifdef HAVE_SYS_STAT_H
| # include <sys/stat.h>
| #endif
| #ifdef STDC_HEADERS
| # include <stdlib.h>
| # include <stddef.h>
| #else
| # ifdef HAVE_STDLIB_H
| #  include <stdlib.h>
| # endif
| #endif
| #ifdef HAVE_STRING_H
| # if !defined STDC_HEADERS && defined HAVE_MEMORY_H
| #  include <memory.h>
| # endif
| # include <string.h>
| #endif
| #ifdef HAVE_STRINGS_H
| # include <strings.h>
| #endif
| #ifdef HAVE_INTTYPES_H
| # include <inttypes.h>
| #endif
| #ifdef HAVE_STDINT_H
| # include <stdint.h>
| #endif
| #ifdef HAVE_UNISTD_H
| # include <unistd.h>
| #endif
| int
| main ()
| {
| if (sizeof ((int64_t)))
| 	    return 0;
|   ;
|   return 0;
| }
configure:6715: result: yes
configure:6726: checking for uint64_t
configure:6726: clang -c  -O3 -Wall -std=c99 -pedantic -Wshadow -Wpointer-arith -Wmissing-prototypes -Wwrite-strings  -ffunction-sections -fdata-sections conftest.c >&5
configure:6726: $? = 0
configure:6726: clang -c  -O3 -Wall -std=c99 -pedantic -Wshadow -Wpointer-arith -Wmissing-prototypes -Wwrite-strings  -ffunction-sections -fdata-sections conftest.c >&5
conftest.c:63:23: error: expected expression
if (sizeof ((uint64_t)))
                      ^
1 error generated.
configure:6726: $? = 1
configure: failed program was:
| /* confdefs.h */
| #define PACKAGE_NAME ""
| #define PACKAGE_TARNAME ""
| #define PACKAGE_VERSION ""
| #define PACKAGE_STRING ""
| #define PACKAGE_BUGREPORT ""
| #define PACKAGE_URL ""
| #define STDC_HEADERS 1
| #define HAVE_SYS_TYPES_H 1
| #define HAVE_SYS_STAT_H 1
| #define HAVE_STDLIB_H 1
| #define HAVE_STRING_H 1
| #define HAVE_MEMORY_H 1
| #define HAVE_STRINGS_H 1
| #define HAVE_INTTYPES_H 1
| #define HAVE_STDINT_H 1
| #define HAVE_UNISTD_H 1
| #define SIZEOF_VOID_P 8
| #define HAVE_LIBM 1
| #define HAVE_DLFCN_H 1
| #define HAVE_DLOPEN 1
| #define HAVE_GETTIMEOFDAY 1
| #define HAVE_LIBPTHREAD 1
| #define HAVE_INTTYPES_H 1
| #define HAVE_DIRENT_H 1
| /* end confdefs.h.  */
| #include <stdio.h>
| #ifdef HAVE_SYS_TYPES_H
| # include <sys/types.h>
| #endif
| #ifdef HAVE_SYS_STAT_H
| # include <sys/stat.h>
| #endif
| #ifdef STDC_HEADERS
| # include <stdlib.h>
| # include <stddef.h>
| #else
| # ifdef HAVE_STDLIB_H
| #  include <stdlib.h>
| # endif
| #endif
| #ifdef HAVE_STRING_H
| # if !defined STDC_HEADERS && defined HAVE_MEMORY_H
| #  include <memory.h>
| # endif
| # include <string.h>
| #endif
| #ifdef HAVE_STRINGS_H
| # include <strings.h>
| #endif
| #ifdef HAVE_INTTYPES_H
| # include <inttypes.h>
| #endif
| #ifdef HAVE_STDINT_H
| # include <stdint.h>
| #endif
| #ifdef HAVE_UNISTD_H
| # include <unistd.h>
| #endif
| int
| main ()
| {
| if (sizeof ((uint64_t)))
| 	    return 0;
|   ;
|   return 0;
| }
configure:6726: result: yes
configure:6771: checking wchar.h usability
configure:6771: clang -c  -O3 -Wall -std=c99 -pedantic -Wshadow -Wpointer-arith -Wmissing-prototypes -Wwrite-strings  -ffunction-sections -fdata-sections conftest.c >&5
configure:6771: $? = 0
configure:6771: result: yes
configure:6771: checking wchar.h presence
configure:6771: clang -E  -ffunction-sections -fdata-sections conftest.c
configure:6771: $? = 0
configure:6771: result: yes
configure:6771: checking for wchar.h
configure:6771: result: yes
configure:6788: checking for library containing wcscpy
configure:6819: clang -o conftest  -O3 -Wall -std=c99 -pedantic -Wshadow -Wpointer-arith -Wmissing-prototypes -Wwrite-strings  -ffunction-sections -fdata-sections  -Wl,--gc-sections conftest.c -lpthread -ldl -lm  >&5
configure:6819: $? = 0
configure:6836: result: none required
configure:6858: checking size of wchar_t
configure:6863: clang -o conftest  -O3 -Wall -std=c99 -pedantic -Wshadow -Wpointer-arith -Wmissing-prototypes -Wwrite-strings  -ffunction-sections -fdata-sections  -Wl,--gc-sections conftest.c -lpthread -ldl -lm  >&5
configure:6863: $? = 0
configure:6863: ./conftest
configure:6863: $? = 0
configure:6886: result: 4
configure:6904: checking for UTF-16 string literal support
configure:7012: clang -c  -O3 -Wall -std=c99 -pedantic -Wshadow -Wpointer-arith -Wmissing-prototypes -Wwrite-strings -std=gnu99  -ffunction-sections -fdata-sections conftest.c >&5
conftest.c:30:14: error: unknown type name 'char16_t'
static const char16_t test[] = u"This is a UTF16 literal string.";
             ^
conftest.c:30:32: error: use of undeclared identifier 'u'
static const char16_t test[] = u"This is a UTF16 literal string.";
                               ^
2 errors generated.
configure:7012: $? = 1
configure: failed program was:
| /* confdefs.h */
| #define PACKAGE_NAME ""
| #define PACKAGE_TARNAME ""
| #define PACKAGE_VERSION ""
| #define PACKAGE_STRING ""
| #define PACKAGE_BUGREPORT ""
| #define PACKAGE_URL ""
| #define STDC_HEADERS 1
| #define HAVE_SYS_TYPES_H 1
| #define HAVE_SYS_STAT_H 1
| #define HAVE_STDLIB_H 1
| #define HAVE_STRING_H 1
| #define HAVE_MEMORY_H 1
| #define HAVE_STRINGS_H 1
| #define HAVE_INTTYPES_H 1
| #define HAVE_STDINT_H 1
| #define HAVE_UNISTD_H 1
| #define SIZEOF_VOID_P 8
| #define HAVE_LIBM 1
| #define HAVE_DLFCN_H 1
| #define HAVE_DLOPEN 1
| #define HAVE_GETTIMEOFDAY 1
| #define HAVE_LIBPTHREAD 1
| #define HAVE_INTTYPES_H 1
| #define HAVE_DIRENT_H 1
| #define HAVE_WCHAR_H 1
| #define SIZEOF_WCHAR_T 4
| /* end confdefs.h.  */
| 
| static const char16_t test[] = u"This is a UTF16 literal string.";
| 
| int
| main ()
| {
| 
|   ;
|   return 0;
| }
configure:7047: clang++ -c  -O3 -W -Wall -pedantic -Wpointer-arith -Wwrite-strings -Wno-long-long -std=c++11  -ffunction-sections -fdata-sections conftest.cpp >&5
configure:7047: $? = 0
configure:7070: result: C++ only
configure:7203: checking for a library suffix to use
configure:7217: result: none
configure:7481: creating ./config.status

## ---------------------- ##
## Running config.status. ##
## ---------------------- ##

This file was extended by config.status, which was
generated by GNU Autoconf 2.68.  Invocation command line was

  CONFIG_FILES    = 
  CONFIG_HEADERS  = 
  CONFIG_LINKS    = 
  CONFIG_COMMANDS = 
  $ ./config.status 

on docken.mtv.corp.google.com

config.status:879: creating icudefs.mk
config.status:879: creating Makefile
config.status:879: creating data/pkgdataMakefile
config.status:879: creating config/Makefile.inc
config.status:879: creating config/icu.pc
config.status:879: creating config/pkgdataMakefile
config.status:879: creating data/Makefile
config.status:879: creating stubdata/Makefile
config.status:879: creating common/Makefile
config.status:879: creating i18n/Makefile
config.status:879: creating layout/Makefile
config.status:879: creating layoutex/Makefile
config.status:879: creating io/Makefile
config.status:879: creating extra/Makefile
config.status:879: creating extra/uconv/Makefile
config.status:879: creating extra/uconv/pkgdataMakefile
config.status:879: creating extra/scrptrun/Makefile
config.status:879: creating tools/Makefile
config.status:879: creating tools/ctestfw/Makefile
config.status:879: creating tools/toolutil/Makefile
config.status:879: creating tools/makeconv/Makefile
config.status:879: creating tools/genrb/Makefile
config.status:879: creating tools/genccode/Makefile
config.status:879: creating tools/gencmn/Makefile
config.status:879: creating tools/gencnval/Makefile
config.status:879: creating tools/gendict/Makefile
config.status:879: creating tools/gentest/Makefile
config.status:879: creating tools/gennorm2/Makefile
config.status:879: creating tools/genbrk/Makefile
config.status:879: creating tools/gensprep/Makefile
config.status:879: creating tools/icuinfo/Makefile
config.status:879: creating tools/icupkg/Makefile
config.status:879: creating tools/icuswap/Makefile
config.status:879: creating tools/pkgdata/Makefile
config.status:879: creating tools/tzcode/Makefile
config.status:879: creating tools/gencfu/Makefile
config.status:879: creating test/Makefile
config.status:879: creating test/compat/Makefile
config.status:879: creating test/testdata/Makefile
config.status:879: creating test/testdata/pkgdataMakefile
config.status:879: creating test/hdrtst/Makefile
config.status:879: creating test/intltest/Makefile
config.status:879: creating test/cintltst/Makefile
config.status:879: creating test/iotest/Makefile
config.status:879: creating test/letest/Makefile
config.status:879: creating test/perf/Makefile
config.status:879: creating test/perf/collationperf/Makefile
config.status:879: creating test/perf/collperf/Makefile
config.status:879: creating test/perf/dicttrieperf/Makefile
config.status:879: creating test/perf/ubrkperf/Makefile
config.status:879: creating test/perf/charperf/Makefile
config.status:879: creating test/perf/convperf/Makefile
config.status:879: creating test/perf/normperf/Makefile
config.status:879: creating test/perf/DateFmtPerf/Makefile
config.status:879: creating test/perf/howExpensiveIs/Makefile
config.status:879: creating test/perf/strsrchperf/Makefile
config.status:879: creating test/perf/unisetperf/Makefile
config.status:879: creating test/perf/usetperf/Makefile
config.status:879: creating test/perf/ustrperf/Makefile
config.status:879: creating test/perf/utfperf/Makefile
config.status:879: creating test/perf/utrie2perf/Makefile
config.status:879: creating samples/Makefile
config.status:879: creating samples/date/Makefile
config.status:879: creating samples/cal/Makefile
config.status:879: creating samples/layout/Makefile
configure:8588: checking the version of "make"
configure:8591: result: ok

## ---------------- ##
## Cache variables. ##
## ---------------- ##

ac_cv_build=x86_64-unknown-linux-gnu
ac_cv_c_bigendian=no
ac_cv_c_compiler_gnu=yes
ac_cv_cxx_compiler_gnu=yes
ac_cv_env_CCC_set=
ac_cv_env_CCC_value=
ac_cv_env_CC_set=
ac_cv_env_CC_value=
ac_cv_env_CFLAGS_set=set
ac_cv_env_CFLAGS_value=' -O3'
ac_cv_env_CPPFLAGS_set=
ac_cv_env_CPPFLAGS_value=
ac_cv_env_CPP_set=
ac_cv_env_CPP_value=
ac_cv_env_CXXFLAGS_set=set
ac_cv_env_CXXFLAGS_value=' -O3'
ac_cv_env_CXX_set=
ac_cv_env_CXX_value=
ac_cv_env_LDFLAGS_set=
ac_cv_env_LDFLAGS_value=
ac_cv_env_LIBS_set=
ac_cv_env_LIBS_value=
ac_cv_env_build_alias_set=
ac_cv_env_build_alias_value=
ac_cv_env_host_alias_set=
ac_cv_env_host_alias_value=
ac_cv_env_target_alias_set=
ac_cv_env_target_alias_value=
ac_cv_func_dlopen=yes
ac_cv_func_gettimeofday=yes
ac_cv_func_mmap_ok=yes
ac_cv_func_nl_langinfo=yes
ac_cv_func_popen=yes
ac_cv_func_tzset=yes
ac_cv_header_dirent_h=yes
ac_cv_header_dlfcn_h=yes
ac_cv_header_inttypes_h=yes
ac_cv_header_memory_h=yes
ac_cv_header_stdc=yes
ac_cv_header_stdint_h=yes
ac_cv_header_stdlib_h=yes
ac_cv_header_stdstring=yes
ac_cv_header_string_h=yes
ac_cv_header_strings_h=yes
ac_cv_header_sys_stat_h=yes
ac_cv_header_sys_types_h=yes
ac_cv_header_unistd_h=yes
ac_cv_header_wchar_h=yes
ac_cv_host=x86_64-unknown-linux-gnu
ac_cv_lib_m_floor=yes
ac_cv_lib_pthread_pthread_attr_init=yes
ac_cv_namespace_ok=yes
ac_cv_nl_langinfo_codeset=CODESET
ac_cv_objext=o
ac_cv_override_cxx_allocation_ok=yes
ac_cv_override_placement_new_ok=yes
ac_cv_path_EGREP='/bin/grep -E'
ac_cv_path_GREP=/bin/grep
ac_cv_path_install='/usr/bin/install -c'
ac_cv_prog_CPP='clang -E'
ac_cv_prog_ac_ct_AR=ar
ac_cv_prog_ac_ct_CC=clang
ac_cv_prog_ac_ct_CXX=clang++
ac_cv_prog_ac_ct_RANLIB=ranlib
ac_cv_prog_cc_c89=
ac_cv_prog_cc_g=yes
ac_cv_prog_cxx_g=yes
ac_cv_search_dlopen=-ldl
ac_cv_search_wcscpy='none required'
ac_cv_sizeof_void_p=8
ac_cv_sizeof_wchar_t=4
ac_cv_type_int16_t=yes
ac_cv_type_int32_t=yes
ac_cv_type_int64_t=yes
ac_cv_type_int8_t=yes
ac_cv_type_uint16_t=yes
ac_cv_type_uint32_t=yes
ac_cv_type_uint64_t=yes
ac_cv_type_uint8_t=yes
ac_cv_var___timezone=yes
ac_cv_var_timezone=no
ac_cv_var_tzname=yes
icu_cv_host_frag=mh-linux

## ----------------- ##
## Output variables. ##
## ----------------- ##

AR='ar'
ARFLAGS=''
CC='clang'
CFLAGS=' -O3 -Wall -std=c99 -pedantic -Wshadow -Wpointer-arith -Wmissing-prototypes -Wwrite-strings $(THREADSCFLAGS)'
COMPILE_LINK_ENVVAR=''
CPP='clang -E'
CPPFLAGS=' -ffunction-sections -fdata-sections $(THREADSCPPFLAGS)  '
CXX='clang++'
CXXFLAGS=' -O3 -W -Wall -pedantic -Wpointer-arith -Wwrite-strings -Wno-long-long -std=c++11 $(THREADSCXXFLAGS)'
DATA_PACKAGING_MODE='static'
DEFS='-DPACKAGE_NAME=\"\" -DPACKAGE_TARNAME=\"\" -DPACKAGE_VERSION=\"\" -DPACKAGE_STRING=\"\" -DPACKAGE_BUGREPORT=\"\" -DPACKAGE_URL=\"\" -DSTDC_HEADERS=1 -DHAVE_SYS_TYPES_H=1 -DHAVE_SYS_STAT_H=1 -DHAVE_STDLIB_H=1 -DHAVE_STRING_H=1 -DHAVE_MEMORY_H=1 -DHAVE_STRINGS_H=1 -DHAVE_INTTYPES_H=1 -DHAVE_STDINT_H=1 -DHAVE_UNISTD_H=1 -DSIZEOF_VOID_P=8 -DHAVE_LIBM=1 -DHAVE_DLFCN_H=1 -DHAVE_DLOPEN=1 -DHAVE_GETTIMEOFDAY=1 -DHAVE_LIBPTHREAD=1 -DHAVE_INTTYPES_H=1 -DHAVE_DIRENT_H=1 -DHAVE_WCHAR_H=1 -DSIZEOF_WCHAR_T=4'
DOXYGEN=''
ECHO_C=''
ECHO_N='-n'
ECHO_T=''
EGREP='/bin/grep -E'
ENABLE_DEBUG='0'
ENABLE_RELEASE='1'
ENABLE_RPATH='NO'
ENABLE_SHARED=''
ENABLE_STATIC='YES'
EXEEXT=''
EXTRAS_TRUE=''
GENCCODE_ASSEMBLY='-a gcc'
GREP='/bin/grep'
HAVE_MMAP='1'
ICUDATA_CHAR='l'
ICUIO_TRUE=''
ICULIBSUFFIX=''
ICULIBSUFFIXCNAME=''
ICU_ECHO_C=''
ICU_ECHO_N='-n'
ICU_ECHO_T=''
INSTALL_DATA='${INSTALL} -m 644'
INSTALL_PROGRAM='${INSTALL}'
INSTALL_SCRIPT='${INSTALL}'
LAYOUT_TRUE=''
LDFLAGS=' -Wl,--gc-sections'
LIBCFLAGS=''
LIBCXXFLAGS=''
LIBOBJS=''
LIBS='-lpthread -ldl -lm '
LIB_M=''
LIB_THREAD=''
LIB_VERSION='51.1.0.1'
LIB_VERSION_MAJOR='51'
LTLIBOBJS=''
OBJEXT='o'
PACKAGE='icu'
PACKAGE_BUGREPORT=''
PACKAGE_NAME=''
PACKAGE_STRING=''
PACKAGE_TARNAME=''
PACKAGE_URL=''
PACKAGE_VERSION=''
PATH_SEPARATOR=':'
RANLIB='ranlib'
SAMPLES_TRUE=''
SHELL='/bin/sh'
TESTS_TRUE=''
UCLN_NO_AUTO_CLEANUP='1'
UNICODE_VERSION='6.2'
U_DEFAULT_SHOW_DRAFT='1'
U_DISABLE_RENAMING='0'
U_ENABLE_DYLOAD='1'
U_ENABLE_TRACING='0'
U_HAVE_DIRENT_H='1'
U_HAVE_INTTYPES_H='1'
U_HAVE_LIB_SUFFIX='0'
U_HAVE_NL_LANGINFO_CODESET='1'
U_HAVE_PLACEMENT_NEW='1'
U_HAVE_POPEN='1'
U_HAVE_STD_STRING='1'
U_HAVE_TIMEZONE='1'
U_HAVE_TZNAME='1'
U_HAVE_TZSET='1'
U_HAVE_WCHAR_H='1'
U_HAVE_WCSCPY='1'
U_IS_BIG_ENDIAN='0'
U_MAKE='make'
U_NL_LANGINFO_CODESET='CODESET'
U_OVERRIDE_CXX_ALLOCATION='1'
U_TIMEZONE='__timezone'
U_TZNAME='tzname'
U_TZSET='tzset'
VERSION='51.1.0.1'
ac_ct_CC='clang'
ac_ct_CXX='clang++'
bindir='${exec_prefix}/bin'
build='x86_64-unknown-linux-gnu'
build_alias=''
build_cpu='x86_64'
build_os='linux-gnu'
build_vendor='unknown'
cross_buildroot=''
cross_compiling='no'
datadir='${datarootdir}'
datarootdir='${prefix}/share'
docdir='${datarootdir}/doc/${PACKAGE}'
dvidir='${docdir}'
exec_prefix='${prefix}'
host='x86_64-unknown-linux-gnu'
host_alias=''
host_cpu='x86_64'
host_os='linux-gnu'
host_vendor='unknown'
htmldir='${docdir}'
includedir='${prefix}/include'
infodir='${datarootdir}/info'
libdir='${exec_prefix}/lib'
libexecdir='${exec_prefix}/libexec'
localedir='${datarootdir}/locale'
localstatedir='${prefix}/var'
mandir='${datarootdir}/man'
oldincludedir='/usr/include'
pdfdir='${docdir}'
pkgicudatadir='${datarootdir}'
platform='U_LINUX'
platform_make_fragment='$(top_srcdir)/config/mh-linux'
platform_make_fragment_name='mh-linux'
prefix='/usr/local'
program_transform_name='s,x,x,'
psdir='${docdir}'
sbindir='${exec_prefix}/sbin'
sharedstatedir='${prefix}/com'
sysconfdir='${prefix}/etc'
target_alias=''
thepkgicudatadir='${prefix}/share'

## ----------- ##
## confdefs.h. ##
## ----------- ##

/* confdefs.h */
#define PACKAGE_NAME ""
#define PACKAGE_TARNAME ""
#define PACKAGE_VERSION ""
#define PACKAGE_STRING ""
#define PACKAGE_BUGREPORT ""
#define PACKAGE_URL ""
#define STDC_HEADERS 1
#define HAVE_SYS_TYPES_H 1
#define HAVE_SYS_STAT_H 1
#define HAVE_STDLIB_H 1
#define HAVE_STRING_H 1
#define HAVE_MEMORY_H 1
#define HAVE_STRINGS_H 1
#define HAVE_INTTYPES_H 1
#define HAVE_STDINT_H 1
#define HAVE_UNISTD_H 1
#define SIZEOF_VOID_P 8
#define HAVE_LIBM 1
#define HAVE_DLFCN_H 1
#define HAVE_DLOPEN 1
#define HAVE_GETTIMEOFDAY 1
#define HAVE_LIBPTHREAD 1
#define HAVE_INTTYPES_H 1
#define HAVE_DIRENT_H 1
#define HAVE_WCHAR_H 1
#define SIZEOF_WCHAR_T 4

configure: exit 0

## ---------------------- ##
## Running config.status. ##
## ---------------------- ##

This file was extended by config.status, which was
generated by GNU Autoconf 2.68.  Invocation command line was

  CONFIG_FILES    = extra/uconv/uconv.1
  CONFIG_HEADERS  = 
  CONFIG_LINKS    = 
  CONFIG_COMMANDS = 
  $ ./config.status 

on docken.mtv.corp.google.com

config.status:879: creating extra/uconv/uconv.1
